This file contains any messages produced by compilers while
running configure, to aid debugging if configure makes a mistake.

It was created by naeglin configure 0.1, which was
generated by GNU Autoconf 2.69.  Invocation command line was

  $ ./configure --prefix=/usr/sbin

## --------- ##
## Platform. ##
## --------- ##

hostname = ubuntu
uname -m = x86_64
uname -r = 3.11.0-12-generic
uname -s = Linux
uname -v = #19-Ubuntu SMP Wed Oct 9 16:20:46 UTC 2013

/usr/bin/uname -p = unknown
/bin/uname -X     = unknown

/bin/arch              = unknown
/usr/bin/arch -k       = unknown
/usr/convex/getsysinfo = unknown
/usr/bin/hostinfo      = unknown
/bin/machine           = unknown
/usr/bin/oslevel       = unknown
/bin/universe          = unknown

PATH: /opt/mpich2/bin
PATH: /usr/local/sbin
PATH: /usr/local/bin
PATH: /usr/sbin
PATH: /usr/bin
PATH: /sbin
PATH: /bin
PATH: /usr/games
PATH: /usr/local/games


## ----------- ##
## Core tests. ##
## ----------- ##

configure:2429: checking for a BSD-compatible install
configure:2497: result: /usr/bin/install -c
configure:2508: checking whether build environment is sane
configure:2558: result: yes
configure:2699: checking for a thread-safe mkdir -p
configure:2738: result: /bin/mkdir -p
configure:2751: checking for gawk
configure:2767: found /usr/bin/gawk
configure:2778: result: gawk
configure:2789: checking whether make sets $(MAKE)
configure:2811: result: yes
configure:2941: checking for gcc
configure:2957: found /usr/bin/gcc
configure:2968: result: gcc
configure:3197: checking for C compiler version
configure:3206: gcc --version >&5
gcc (Ubuntu/Linaro 4.8.1-10ubuntu9) 4.8.1
Copyright (C) 2013 Free Software Foundation, Inc.
This is free software; see the source for copying conditions.  There is NO
warranty; not even for MERCHANTABILITY or FITNESS FOR A PARTICULAR PURPOSE.

configure:3217: $? = 0
configure:3206: gcc -v >&5
Using built-in specs.
COLLECT_GCC=gcc
COLLECT_LTO_WRAPPER=/usr/lib/gcc/x86_64-linux-gnu/4.8/lto-wrapper
Target: x86_64-linux-gnu
Configured with: ../src/configure -v --with-pkgversion='Ubuntu/Linaro 4.8.1-10ubuntu9' --with-bugurl=file:///usr/share/doc/gcc-4.8/README.Bugs --enable-languages=c,c++,java,go,d,fortran,objc,obj-c++ --prefix=/usr --program-suffix=-4.8 --enable-shared --enable-linker-build-id --libexecdir=/usr/lib --without-included-gettext --enable-threads=posix --with-gxx-include-dir=/usr/include/c++/4.8 --libdir=/usr/lib --enable-nls --with-sysroot=/ --enable-clocale=gnu --enable-libstdcxx-debug --enable-libstdcxx-time=yes --enable-gnu-unique-object --enable-plugin --with-system-zlib --disable-browser-plugin --enable-java-awt=gtk --enable-gtk-cairo --with-java-home=/usr/lib/jvm/java-1.5.0-gcj-4.8-amd64/jre --enable-java-home --with-jvm-root-dir=/usr/lib/jvm/java-1.5.0-gcj-4.8-amd64 --with-jvm-jar-dir=/usr/lib/jvm-exports/java-1.5.0-gcj-4.8-amd64 --with-arch-directory=amd64 --with-ecj-jar=/usr/share/java/eclipse-ecj.jar --enable-objc-gc --enable-multiarch --disable-werror --with-arch-32=i686 --with-abi=m64 --with-multilib-list=m32,m64,mx32 --with-tune=generic --enable-checking=release --build=x86_64-linux-gnu --host=x86_64-linux-gnu --target=x86_64-linux-gnu
Thread model: posix
gcc version 4.8.1 (Ubuntu/Linaro 4.8.1-10ubuntu9) 
configure:3217: $? = 0
configure:3206: gcc -V >&5
gcc: error: unrecognized command line option '-V'
gcc: fatal error: no input files
compilation terminated.
configure:3217: $? = 4
configure:3206: gcc -qversion >&5
gcc: error: unrecognized command line option '-qversion'
gcc: fatal error: no input files
compilation terminated.
configure:3217: $? = 4
configure:3237: checking whether the C compiler works
configure:3259: gcc    conftest.c  >&5
configure:3263: $? = 0
configure:3311: result: yes
configure:3314: checking for C compiler default output file name
configure:3316: result: a.out
configure:3322: checking for suffix of executables
configure:3329: gcc -o conftest    conftest.c  >&5
configure:3333: $? = 0
configure:3355: result: 
configure:3377: checking whether we are cross compiling
configure:3385: gcc -o conftest    conftest.c  >&5
configure:3389: $? = 0
configure:3396: ./conftest
configure:3400: $? = 0
configure:3415: result: no
configure:3420: checking for suffix of object files
configure:3442: gcc -c   conftest.c >&5
configure:3446: $? = 0
configure:3467: result: o
configure:3471: checking whether we are using the GNU C compiler
configure:3490: gcc -c   conftest.c >&5
configure:3490: $? = 0
configure:3499: result: yes
configure:3508: checking whether gcc accepts -g
configure:3528: gcc -c -g  conftest.c >&5
configure:3528: $? = 0
configure:3569: result: yes
configure:3586: checking for gcc option to accept ISO C89
configure:3649: gcc  -c -g -O2  conftest.c >&5
configure:3649: $? = 0
configure:3662: result: none needed
configure:3693: checking for style of include used by make
configure:3721: result: GNU
configure:3747: checking dependency style of gcc
configure:3858: result: gcc3
configure:3931: checking for g++
configure:3947: found /usr/bin/g++
configure:3958: result: g++
configure:3985: checking for C++ compiler version
configure:3994: g++ --version >&5
g++ (Ubuntu/Linaro 4.8.1-10ubuntu9) 4.8.1
Copyright (C) 2013 Free Software Foundation, Inc.
This is free software; see the source for copying conditions.  There is NO
warranty; not even for MERCHANTABILITY or FITNESS FOR A PARTICULAR PURPOSE.

configure:4005: $? = 0
configure:3994: g++ -v >&5
Using built-in specs.
COLLECT_GCC=g++
COLLECT_LTO_WRAPPER=/usr/lib/gcc/x86_64-linux-gnu/4.8/lto-wrapper
Target: x86_64-linux-gnu
Configured with: ../src/configure -v --with-pkgversion='Ubuntu/Linaro 4.8.1-10ubuntu9' --with-bugurl=file:///usr/share/doc/gcc-4.8/README.Bugs --enable-languages=c,c++,java,go,d,fortran,objc,obj-c++ --prefix=/usr --program-suffix=-4.8 --enable-shared --enable-linker-build-id --libexecdir=/usr/lib --without-included-gettext --enable-threads=posix --with-gxx-include-dir=/usr/include/c++/4.8 --libdir=/usr/lib --enable-nls --with-sysroot=/ --enable-clocale=gnu --enable-libstdcxx-debug --enable-libstdcxx-time=yes --enable-gnu-unique-object --enable-plugin --with-system-zlib --disable-browser-plugin --enable-java-awt=gtk --enable-gtk-cairo --with-java-home=/usr/lib/jvm/java-1.5.0-gcj-4.8-amd64/jre --enable-java-home --with-jvm-root-dir=/usr/lib/jvm/java-1.5.0-gcj-4.8-amd64 --with-jvm-jar-dir=/usr/lib/jvm-exports/java-1.5.0-gcj-4.8-amd64 --with-arch-directory=amd64 --with-ecj-jar=/usr/share/java/eclipse-ecj.jar --enable-objc-gc --enable-multiarch --disable-werror --with-arch-32=i686 --with-abi=m64 --with-multilib-list=m32,m64,mx32 --with-tune=generic --enable-checking=release --build=x86_64-linux-gnu --host=x86_64-linux-gnu --target=x86_64-linux-gnu
Thread model: posix
gcc version 4.8.1 (Ubuntu/Linaro 4.8.1-10ubuntu9) 
configure:4005: $? = 0
configure:3994: g++ -V >&5
g++: error: unrecognized command line option '-V'
g++: fatal error: no input files
compilation terminated.
configure:4005: $? = 4
configure:3994: g++ -qversion >&5
g++: error: unrecognized command line option '-qversion'
g++: fatal error: no input files
compilation terminated.
configure:4005: $? = 4
configure:4009: checking whether we are using the GNU C++ compiler
configure:4028: g++ -c   conftest.cpp >&5
configure:4028: $? = 0
configure:4037: result: yes
configure:4046: checking whether g++ accepts -g
configure:4066: g++ -c -g  conftest.cpp >&5
configure:4066: $? = 0
configure:4107: result: yes
configure:4132: checking dependency style of g++
configure:4243: result: gcc3
configure:4287: checking build system type
configure:4301: result: x86_64-unknown-linux-gnu
configure:4321: checking host system type
configure:4334: result: x86_64-unknown-linux-gnu
configure:4375: checking how to print strings
configure:4402: result: printf
configure:4423: checking for a sed that does not truncate output
configure:4487: result: /bin/sed
configure:4505: checking for grep that handles long lines and -e
configure:4563: result: /bin/grep
configure:4568: checking for egrep
configure:4630: result: /bin/grep -E
configure:4635: checking for fgrep
configure:4697: result: /bin/grep -F
configure:4732: checking for ld used by gcc
configure:4799: result: /usr/bin/ld
configure:4806: checking if the linker (/usr/bin/ld) is GNU ld
configure:4821: result: yes
configure:4833: checking for BSD- or MS-compatible name lister (nm)
configure:4882: result: /usr/bin/nm -B
configure:5012: checking the name lister (/usr/bin/nm -B) interface
configure:5019: gcc -c -g -O2  conftest.c >&5
configure:5022: /usr/bin/nm -B "conftest.o"
configure:5025: output
0000000000000000 B some_variable
configure:5032: result: BSD nm
configure:5035: checking whether ln -s works
configure:5039: result: yes
configure:5047: checking the maximum length of command line arguments
configure:5177: result: 1572864
configure:5194: checking whether the shell understands some XSI constructs
configure:5204: result: yes
configure:5208: checking whether the shell understands "+="
configure:5214: result: yes
configure:5249: checking how to convert x86_64-unknown-linux-gnu file names to x86_64-unknown-linux-gnu format
configure:5289: result: func_convert_file_noop
configure:5296: checking how to convert x86_64-unknown-linux-gnu file names to toolchain format
configure:5316: result: func_convert_file_noop
configure:5323: checking for /usr/bin/ld option to reload object files
configure:5330: result: -r
configure:5404: checking for objdump
configure:5420: found /usr/bin/objdump
configure:5431: result: objdump
configure:5463: checking how to recognize dependent libraries
configure:5665: result: pass_all
configure:5750: checking for dlltool
configure:5780: result: no
configure:5810: checking how to associate runtime and link libraries
configure:5837: result: printf %s\n
configure:5898: checking for ar
configure:5914: found /usr/bin/ar
configure:5925: result: ar
configure:5962: checking for archiver @FILE support
configure:5979: gcc -c -g -O2  conftest.c >&5
configure:5979: $? = 0
configure:5982: ar cru libconftest.a @conftest.lst >&5
configure:5985: $? = 0
configure:5990: ar cru libconftest.a @conftest.lst >&5
ar: conftest.o: No such file or directory
configure:5993: $? = 1
configure:6005: result: @
configure:6063: checking for strip
configure:6079: found /usr/bin/strip
configure:6090: result: strip
configure:6162: checking for ranlib
configure:6178: found /usr/bin/ranlib
configure:6189: result: ranlib
configure:6291: checking command to parse /usr/bin/nm -B output from gcc object
configure:6411: gcc -c -g -O2  conftest.c >&5
configure:6414: $? = 0
configure:6418: /usr/bin/nm -B conftest.o \| sed -n -e 's/^.*[ ]\([ABCDGIRSTW][ABCDGIRSTW]*\)[ ][ ]*\([_A-Za-z][_A-Za-z0-9]*\)$/\1 \2 \2/p' | sed '/ __gnu_lto/d' \> conftest.nm
configure:6421: $? = 0
configure:6487: gcc -o conftest -g -O2   conftest.c conftstm.o >&5
configure:6490: $? = 0
configure:6528: result: ok
configure:6565: checking for sysroot
configure:6595: result: no
configure:6672: gcc -c -g -O2  conftest.c >&5
configure:6675: $? = 0
configure:6851: checking for mt
configure:6867: found /bin/mt
configure:6878: result: mt
configure:6901: checking if mt is a manifest tool
configure:6907: mt '-?'
configure:6915: result: no
configure:7557: checking how to run the C preprocessor
configure:7588: gcc -E  conftest.c
configure:7588: $? = 0
configure:7602: gcc -E  conftest.c
conftest.c:11:28: fatal error: ac_nonexistent.h: No such file or directory
 #include <ac_nonexistent.h>
                            ^
compilation terminated.
configure:7602: $? = 1
configure: failed program was:
| /* confdefs.h */
| #define PACKAGE_NAME "naeglin"
| #define PACKAGE_TARNAME "naeglin"
| #define PACKAGE_VERSION "0.1"
| #define PACKAGE_STRING "naeglin 0.1"
| #define PACKAGE_BUGREPORT "danielmmy10@gmail.com"
| #define PACKAGE_URL ""
| #define PACKAGE "naeglin"
| #define VERSION "0.1"
| /* end confdefs.h.  */
| #include <ac_nonexistent.h>
configure:7627: result: gcc -E
configure:7647: gcc -E  conftest.c
configure:7647: $? = 0
configure:7661: gcc -E  conftest.c
conftest.c:11:28: fatal error: ac_nonexistent.h: No such file or directory
 #include <ac_nonexistent.h>
                            ^
compilation terminated.
configure:7661: $? = 1
configure: failed program was:
| /* confdefs.h */
| #define PACKAGE_NAME "naeglin"
| #define PACKAGE_TARNAME "naeglin"
| #define PACKAGE_VERSION "0.1"
| #define PACKAGE_STRING "naeglin 0.1"
| #define PACKAGE_BUGREPORT "danielmmy10@gmail.com"
| #define PACKAGE_URL ""
| #define PACKAGE "naeglin"
| #define VERSION "0.1"
| /* end confdefs.h.  */
| #include <ac_nonexistent.h>
configure:7690: checking for ANSI C header files
configure:7710: gcc -c -g -O2  conftest.c >&5
configure:7710: $? = 0
configure:7783: gcc -o conftest -g -O2   conftest.c  >&5
configure:7783: $? = 0
configure:7783: ./conftest
configure:7783: $? = 0
configure:7794: result: yes
configure:7807: checking for sys/types.h
configure:7807: gcc -c -g -O2  conftest.c >&5
configure:7807: $? = 0
configure:7807: result: yes
configure:7807: checking for sys/stat.h
configure:7807: gcc -c -g -O2  conftest.c >&5
configure:7807: $? = 0
configure:7807: result: yes
configure:7807: checking for stdlib.h
configure:7807: gcc -c -g -O2  conftest.c >&5
configure:7807: $? = 0
configure:7807: result: yes
configure:7807: checking for string.h
configure:7807: gcc -c -g -O2  conftest.c >&5
configure:7807: $? = 0
configure:7807: result: yes
configure:7807: checking for memory.h
configure:7807: gcc -c -g -O2  conftest.c >&5
configure:7807: $? = 0
configure:7807: result: yes
configure:7807: checking for strings.h
configure:7807: gcc -c -g -O2  conftest.c >&5
configure:7807: $? = 0
configure:7807: result: yes
configure:7807: checking for inttypes.h
configure:7807: gcc -c -g -O2  conftest.c >&5
configure:7807: $? = 0
configure:7807: result: yes
configure:7807: checking for stdint.h
configure:7807: gcc -c -g -O2  conftest.c >&5
configure:7807: $? = 0
configure:7807: result: yes
configure:7807: checking for unistd.h
configure:7807: gcc -c -g -O2  conftest.c >&5
configure:7807: $? = 0
configure:7807: result: yes
configure:7821: checking for dlfcn.h
configure:7821: gcc -c -g -O2  conftest.c >&5
configure:7821: $? = 0
configure:7821: result: yes
configure:8038: checking for objdir
configure:8053: result: .libs
configure:8324: checking if gcc supports -fno-rtti -fno-exceptions
configure:8342: gcc -c -g -O2  -fno-rtti -fno-exceptions conftest.c >&5
cc1: warning: command line option '-fno-rtti' is valid for C++/ObjC++ but not for C [enabled by default]
configure:8346: $? = 0
configure:8359: result: no
configure:8686: checking for gcc option to produce PIC
configure:8693: result: -fPIC -DPIC
configure:8701: checking if gcc PIC flag -fPIC -DPIC works
configure:8719: gcc -c -g -O2  -fPIC -DPIC -DPIC conftest.c >&5
configure:8723: $? = 0
configure:8736: result: yes
configure:8765: checking if gcc static flag -static works
configure:8793: result: yes
configure:8808: checking if gcc supports -c -o file.o
configure:8829: gcc -c -g -O2  -o out/conftest2.o conftest.c >&5
configure:8833: $? = 0
configure:8855: result: yes
configure:8863: checking if gcc supports -c -o file.o
configure:8910: result: yes
configure:8943: checking whether the gcc linker (/usr/bin/ld -m elf_x86_64) supports shared libraries
configure:10100: result: yes
configure:10137: checking whether -lc should be explicitly linked in
configure:10145: gcc -c -g -O2  conftest.c >&5
configure:10148: $? = 0
configure:10163: gcc -shared  -fPIC -DPIC conftest.o  -v -Wl,-soname -Wl,conftest -o conftest 2\>\&1 \| /bin/grep  -lc  \>/dev/null 2\>\&1
configure:10166: $? = 0
configure:10180: result: no
configure:10340: checking dynamic linker characteristics
configure:10851: gcc -o conftest -g -O2   -Wl,-rpath -Wl,/foo conftest.c  >&5
configure:10851: $? = 0
configure:11085: result: GNU/Linux ld.so
configure:11192: checking how to hardcode library paths into programs
configure:11217: result: immediate
configure:11757: checking whether stripping libraries is possible
configure:11762: result: yes
configure:11797: checking if libtool supports shared libraries
configure:11799: result: yes
configure:11802: checking whether to build shared libraries
configure:11823: result: yes
configure:11826: checking whether to build static libraries
configure:11830: result: yes
configure:11853: checking how to run the C++ preprocessor
configure:11880: g++ -E  conftest.cpp
configure:11880: $? = 0
configure:11894: g++ -E  conftest.cpp
conftest.cpp:23:28: fatal error: ac_nonexistent.h: No such file or directory
 #include <ac_nonexistent.h>
                            ^
compilation terminated.
configure:11894: $? = 1
configure: failed program was:
| /* confdefs.h */
| #define PACKAGE_NAME "naeglin"
| #define PACKAGE_TARNAME "naeglin"
| #define PACKAGE_VERSION "0.1"
| #define PACKAGE_STRING "naeglin 0.1"
| #define PACKAGE_BUGREPORT "danielmmy10@gmail.com"
| #define PACKAGE_URL ""
| #define PACKAGE "naeglin"
| #define VERSION "0.1"
| #define STDC_HEADERS 1
| #define HAVE_SYS_TYPES_H 1
| #define HAVE_SYS_STAT_H 1
| #define HAVE_STDLIB_H 1
| #define HAVE_STRING_H 1
| #define HAVE_MEMORY_H 1
| #define HAVE_STRINGS_H 1
| #define HAVE_INTTYPES_H 1
| #define HAVE_STDINT_H 1
| #define HAVE_UNISTD_H 1
| #define HAVE_DLFCN_H 1
| #define LT_OBJDIR ".libs/"
| /* end confdefs.h.  */
| #include <ac_nonexistent.h>
configure:11919: result: g++ -E
configure:11939: g++ -E  conftest.cpp
configure:11939: $? = 0
configure:11953: g++ -E  conftest.cpp
conftest.cpp:23:28: fatal error: ac_nonexistent.h: No such file or directory
 #include <ac_nonexistent.h>
                            ^
compilation terminated.
configure:11953: $? = 1
configure: failed program was:
| /* confdefs.h */
| #define PACKAGE_NAME "naeglin"
| #define PACKAGE_TARNAME "naeglin"
| #define PACKAGE_VERSION "0.1"
| #define PACKAGE_STRING "naeglin 0.1"
| #define PACKAGE_BUGREPORT "danielmmy10@gmail.com"
| #define PACKAGE_URL ""
| #define PACKAGE "naeglin"
| #define VERSION "0.1"
| #define STDC_HEADERS 1
| #define HAVE_SYS_TYPES_H 1
| #define HAVE_SYS_STAT_H 1
| #define HAVE_STDLIB_H 1
| #define HAVE_STRING_H 1
| #define HAVE_MEMORY_H 1
| #define HAVE_STRINGS_H 1
| #define HAVE_INTTYPES_H 1
| #define HAVE_STDINT_H 1
| #define HAVE_UNISTD_H 1
| #define HAVE_DLFCN_H 1
| #define LT_OBJDIR ".libs/"
| /* end confdefs.h.  */
| #include <ac_nonexistent.h>
configure:12122: checking for ld used by g++
configure:12189: result: /usr/bin/ld -m elf_x86_64
configure:12196: checking if the linker (/usr/bin/ld -m elf_x86_64) is GNU ld
configure:12211: result: yes
configure:12266: checking whether the g++ linker (/usr/bin/ld -m elf_x86_64) supports shared libraries
configure:13271: result: yes
configure:13307: g++ -c -g -O2  conftest.cpp >&5
configure:13310: $? = 0
configure:13830: checking for g++ option to produce PIC
configure:13837: result: -fPIC -DPIC
configure:13845: checking if g++ PIC flag -fPIC -DPIC works
configure:13863: g++ -c -g -O2  -fPIC -DPIC -DPIC conftest.cpp >&5
configure:13867: $? = 0
configure:13880: result: yes
configure:13903: checking if g++ static flag -static works
configure:13931: result: yes
configure:13943: checking if g++ supports -c -o file.o
configure:13964: g++ -c -g -O2  -o out/conftest2.o conftest.cpp >&5
configure:13968: $? = 0
configure:13990: result: yes
configure:13995: checking if g++ supports -c -o file.o
configure:14042: result: yes
configure:14072: checking whether the g++ linker (/usr/bin/ld -m elf_x86_64) supports shared libraries
configure:14111: result: yes
configure:14252: checking dynamic linker characteristics
configure:14931: result: GNU/Linux ld.so
configure:14984: checking how to hardcode library paths into programs
configure:15009: result: immediate
configure:15076: checking for stdlib.h
configure:15076: result: yes
configure:15076: checking for string.h
configure:15076: result: yes
configure:15076: checking for unistd.h
configure:15076: result: yes
configure:15088: checking for size_t
configure:15088: gcc -c -g -O2  conftest.c >&5
configure:15088: $? = 0
configure:15088: gcc -c -g -O2  conftest.c >&5
conftest.c: In function 'main':
conftest.c:62:21: error: expected expression before ')' token
 if (sizeof ((size_t)))
                     ^
configure:15088: $? = 1
configure: failed program was:
| /* confdefs.h */
| #define PACKAGE_NAME "naeglin"
| #define PACKAGE_TARNAME "naeglin"
| #define PACKAGE_VERSION "0.1"
| #define PACKAGE_STRING "naeglin 0.1"
| #define PACKAGE_BUGREPORT "danielmmy10@gmail.com"
| #define PACKAGE_URL ""
| #define PACKAGE "naeglin"
| #define VERSION "0.1"
| #define STDC_HEADERS 1
| #define HAVE_SYS_TYPES_H 1
| #define HAVE_SYS_STAT_H 1
| #define HAVE_STDLIB_H 1
| #define HAVE_STRING_H 1
| #define HAVE_MEMORY_H 1
| #define HAVE_STRINGS_H 1
| #define HAVE_INTTYPES_H 1
| #define HAVE_STDINT_H 1
| #define HAVE_UNISTD_H 1
| #define HAVE_DLFCN_H 1
| #define LT_OBJDIR ".libs/"
| #define HAVE_STDLIB_H 1
| #define HAVE_STRING_H 1
| #define HAVE_UNISTD_H 1
| /* end confdefs.h.  */
| #include <stdio.h>
| #ifdef HAVE_SYS_TYPES_H
| # include <sys/types.h>
| #endif
| #ifdef HAVE_SYS_STAT_H
| # include <sys/stat.h>
| #endif
| #ifdef STDC_HEADERS
| # include <stdlib.h>
| # include <stddef.h>
| #else
| # ifdef HAVE_STDLIB_H
| #  include <stdlib.h>
| # endif
| #endif
| #ifdef HAVE_STRING_H
| # if !defined STDC_HEADERS && defined HAVE_MEMORY_H
| #  include <memory.h>
| # endif
| # include <string.h>
| #endif
| #ifdef HAVE_STRINGS_H
| # include <strings.h>
| #endif
| #ifdef HAVE_INTTYPES_H
| # include <inttypes.h>
| #endif
| #ifdef HAVE_STDINT_H
| # include <stdint.h>
| #endif
| #ifdef HAVE_UNISTD_H
| # include <unistd.h>
| #endif
| int
| main ()
| {
| if (sizeof ((size_t)))
| 	    return 0;
|   ;
|   return 0;
| }
configure:15088: result: yes
configure:15103: checking for stdlib.h
configure:15103: result: yes
configure:15113: checking for GNU libc compatible malloc
configure:15137: gcc -o conftest -g -O2   conftest.c  >&5
configure:15137: $? = 0
configure:15137: ./conftest
configure:15137: $? = 0
configure:15147: result: yes
configure:15170: checking for mkdir
configure:15170: gcc -o conftest -g -O2   conftest.c  >&5
configure:15170: $? = 0
configure:15170: result: yes
configure:15355: creating ./config.status

## ---------------------- ##
## Running config.status. ##
## ---------------------- ##

This file was extended by naeglin config.status 0.1, which was
generated by GNU Autoconf 2.69.  Invocation command line was

  CONFIG_FILES    = 
  CONFIG_HEADERS  = 
  CONFIG_LINKS    = 
  CONFIG_COMMANDS = 
  $ ./config.status 

on ubuntu

config.status:1063: creating Makefile
config.status:1063: creating src/Makefile
config.status:1235: executing depfiles commands
config.status:1235: executing libtool commands

## ---------------- ##
## Cache variables. ##
## ---------------- ##

ac_cv_build=x86_64-unknown-linux-gnu
ac_cv_c_compiler_gnu=yes
ac_cv_cxx_compiler_gnu=yes
ac_cv_env_CCC_set=
ac_cv_env_CCC_value=
ac_cv_env_CC_set=
ac_cv_env_CC_value=
ac_cv_env_CFLAGS_set=
ac_cv_env_CFLAGS_value=
ac_cv_env_CPPFLAGS_set=
ac_cv_env_CPPFLAGS_value=
ac_cv_env_CPP_set=
ac_cv_env_CPP_value=
ac_cv_env_CXXCPP_set=
ac_cv_env_CXXCPP_value=
ac_cv_env_CXXFLAGS_set=
ac_cv_env_CXXFLAGS_value=
ac_cv_env_CXX_set=
ac_cv_env_CXX_value=
ac_cv_env_LDFLAGS_set=
ac_cv_env_LDFLAGS_value=
ac_cv_env_LIBS_set=
ac_cv_env_LIBS_value=
ac_cv_env_build_alias_set=
ac_cv_env_build_alias_value=
ac_cv_env_host_alias_set=
ac_cv_env_host_alias_value=
ac_cv_env_target_alias_set=
ac_cv_env_target_alias_value=
ac_cv_func_malloc_0_nonnull=yes
ac_cv_func_mkdir=yes
ac_cv_header_dlfcn_h=yes
ac_cv_header_inttypes_h=yes
ac_cv_header_memory_h=yes
ac_cv_header_stdc=yes
ac_cv_header_stdint_h=yes
ac_cv_header_stdlib_h=yes
ac_cv_header_string_h=yes
ac_cv_header_strings_h=yes
ac_cv_header_sys_stat_h=yes
ac_cv_header_sys_types_h=yes
ac_cv_header_unistd_h=yes
ac_cv_host=x86_64-unknown-linux-gnu
ac_cv_objext=o
ac_cv_path_EGREP='/bin/grep -E'
ac_cv_path_FGREP='/bin/grep -F'
ac_cv_path_GREP=/bin/grep
ac_cv_path_SED=/bin/sed
ac_cv_path_install='/usr/bin/install -c'
ac_cv_path_mkdir=/bin/mkdir
ac_cv_prog_AWK=gawk
ac_cv_prog_CPP='gcc -E'
ac_cv_prog_CXXCPP='g++ -E'
ac_cv_prog_ac_ct_AR=ar
ac_cv_prog_ac_ct_CC=gcc
ac_cv_prog_ac_ct_CXX=g++
ac_cv_prog_ac_ct_MANIFEST_TOOL=mt
ac_cv_prog_ac_ct_OBJDUMP=objdump
ac_cv_prog_ac_ct_RANLIB=ranlib
ac_cv_prog_ac_ct_STRIP=strip
ac_cv_prog_cc_c89=
ac_cv_prog_cc_g=yes
ac_cv_prog_cxx_g=yes
ac_cv_prog_make_make_set=yes
ac_cv_type_size_t=yes
am_cv_CC_dependencies_compiler_type=gcc3
am_cv_CXX_dependencies_compiler_type=gcc3
lt_cv_ar_at_file=@
lt_cv_archive_cmds_need_lc=no
lt_cv_deplibs_check_method=pass_all
lt_cv_file_magic_cmd='$MAGIC_CMD'
lt_cv_file_magic_test_file=
lt_cv_ld_reload_flag=-r
lt_cv_nm_interface='BSD nm'
lt_cv_objdir=.libs
lt_cv_path_LD=/usr/bin/ld
lt_cv_path_LDCXX='/usr/bin/ld -m elf_x86_64'
lt_cv_path_NM='/usr/bin/nm -B'
lt_cv_path_mainfest_tool=no
lt_cv_prog_compiler_c_o=yes
lt_cv_prog_compiler_c_o_CXX=yes
lt_cv_prog_compiler_pic='-fPIC -DPIC'
lt_cv_prog_compiler_pic_CXX='-fPIC -DPIC'
lt_cv_prog_compiler_pic_works=yes
lt_cv_prog_compiler_pic_works_CXX=yes
lt_cv_prog_compiler_rtti_exceptions=no
lt_cv_prog_compiler_static_works=yes
lt_cv_prog_compiler_static_works_CXX=yes
lt_cv_prog_gnu_ld=yes
lt_cv_prog_gnu_ldcxx=yes
lt_cv_sharedlib_from_linklib_cmd='printf %s\n'
lt_cv_shlibpath_overrides_runpath=no
lt_cv_sys_global_symbol_pipe='sed -n -e '\''s/^.*[	 ]\([ABCDGIRSTW][ABCDGIRSTW]*\)[	 ][	 ]*\([_A-Za-z][_A-Za-z0-9]*\)$/\1 \2 \2/p'\'' | sed '\''/ __gnu_lto/d'\'''
lt_cv_sys_global_symbol_to_c_name_address='sed -n -e '\''s/^: \([^ ]*\)[ ]*$/  {\"\1\", (void *) 0},/p'\'' -e '\''s/^[ABCDGIRSTW]* \([^ ]*\) \([^ ]*\)$/  {"\2", (void *) \&\2},/p'\'''
lt_cv_sys_global_symbol_to_c_name_address_lib_prefix='sed -n -e '\''s/^: \([^ ]*\)[ ]*$/  {\"\1\", (void *) 0},/p'\'' -e '\''s/^[ABCDGIRSTW]* \([^ ]*\) \(lib[^ ]*\)$/  {"\2", (void *) \&\2},/p'\'' -e '\''s/^[ABCDGIRSTW]* \([^ ]*\) \([^ ]*\)$/  {"lib\2", (void *) \&\2},/p'\'''
lt_cv_sys_global_symbol_to_cdecl='sed -n -e '\''s/^T .* \(.*\)$/extern int \1();/p'\'' -e '\''s/^[ABCDGIRSTW]* .* \(.*\)$/extern char \1;/p'\'''
lt_cv_sys_max_cmd_len=1572864
lt_cv_to_host_file_cmd=func_convert_file_noop
lt_cv_to_tool_file_cmd=func_convert_file_noop

## ----------------- ##
## Output variables. ##
## ----------------- ##

ACLOCAL='${SHELL} /home/naegling/Naegling-MPICH2-Routines/missing --run aclocal-1.11'
AMDEPBACKSLASH='\'
AMDEP_FALSE='#'
AMDEP_TRUE=''
AMTAR='$${TAR-tar}'
AR='ar'
AUTOCONF='${SHELL} /home/naegling/Naegling-MPICH2-Routines/missing --run autoconf'
AUTOHEADER='${SHELL} /home/naegling/Naegling-MPICH2-Routines/missing --run autoheader'
AUTOMAKE='${SHELL} /home/naegling/Naegling-MPICH2-Routines/missing --run automake-1.11'
AWK='gawk'
CC='gcc'
CCDEPMODE='depmode=gcc3'
CFLAGS='-g -O2'
CPP='gcc -E'
CPPFLAGS=''
CXX='g++'
CXXCPP='g++ -E'
CXXDEPMODE='depmode=gcc3'
CXXFLAGS='-g -O2'
CYGPATH_W='echo'
DEFS='-DPACKAGE_NAME=\"naeglin\" -DPACKAGE_TARNAME=\"naeglin\" -DPACKAGE_VERSION=\"0.1\" -DPACKAGE_STRING=\"naeglin\ 0.1\" -DPACKAGE_BUGREPORT=\"danielmmy10@gmail.com\" -DPACKAGE_URL=\"\" -DPACKAGE=\"naeglin\" -DVERSION=\"0.1\" -DSTDC_HEADERS=1 -DHAVE_SYS_TYPES_H=1 -DHAVE_SYS_STAT_H=1 -DHAVE_STDLIB_H=1 -DHAVE_STRING_H=1 -DHAVE_MEMORY_H=1 -DHAVE_STRINGS_H=1 -DHAVE_INTTYPES_H=1 -DHAVE_STDINT_H=1 -DHAVE_UNISTD_H=1 -DHAVE_DLFCN_H=1 -DLT_OBJDIR=\".libs/\" -DHAVE_STDLIB_H=1 -DHAVE_STRING_H=1 -DHAVE_UNISTD_H=1 -DHAVE_STDLIB_H=1 -DHAVE_MALLOC=1 -DHAVE_MKDIR=1'
DEPDIR='.deps'
DLLTOOL='false'
DSYMUTIL=''
DUMPBIN=''
ECHO_C=''
ECHO_N='-n'
ECHO_T=''
EGREP='/bin/grep -E'
EXEEXT=''
FGREP='/bin/grep -F'
GREP='/bin/grep'
INSTALL_DATA='${INSTALL} -m 644'
INSTALL_PROGRAM='${INSTALL}'
INSTALL_SCRIPT='${INSTALL}'
INSTALL_STRIP_PROGRAM='$(install_sh) -c -s'
LD='/usr/bin/ld -m elf_x86_64'
LDFLAGS=''
LIBOBJS=''
LIBS=''
LIBTOOL='$(SHELL) $(top_builddir)/libtool'
LIPO=''
LN_S='ln -s'
LTLIBOBJS=''
MAKEINFO='${SHELL} /home/naegling/Naegling-MPICH2-Routines/missing --run makeinfo'
MANIFEST_TOOL=':'
MKDIR_P='/bin/mkdir -p'
NM='/usr/bin/nm -B'
NMEDIT=''
OBJDUMP='objdump'
OBJEXT='o'
OTOOL64=''
OTOOL=''
PACKAGE='naeglin'
PACKAGE_BUGREPORT='danielmmy10@gmail.com'
PACKAGE_NAME='naeglin'
PACKAGE_STRING='naeglin 0.1'
PACKAGE_TARNAME='naeglin'
PACKAGE_URL=''
PACKAGE_VERSION='0.1'
PATH_SEPARATOR=':'
RANLIB='ranlib'
SED='/bin/sed'
SET_MAKE=''
SHELL='/bin/bash'
STRIP='strip'
VERSION='0.1'
ac_ct_AR='ar'
ac_ct_CC='gcc'
ac_ct_CXX='g++'
ac_ct_DUMPBIN=''
am__EXEEXT_FALSE=''
am__EXEEXT_TRUE='#'
am__fastdepCC_FALSE='#'
am__fastdepCC_TRUE=''
am__fastdepCXX_FALSE='#'
am__fastdepCXX_TRUE=''
am__include='include'
am__isrc=''
am__leading_dot='.'
am__nodep='_no'
am__quote=''
am__tar='$${TAR-tar} chof - "$$tardir"'
am__untar='$${TAR-tar} xf -'
bindir='${exec_prefix}/bin'
build='x86_64-unknown-linux-gnu'
build_alias=''
build_cpu='x86_64'
build_os='linux-gnu'
build_vendor='unknown'
datadir='${datarootdir}'
datarootdir='${prefix}/share'
docdir='${datarootdir}/doc/${PACKAGE_TARNAME}'
dvidir='${docdir}'
exec_prefix='${prefix}'
host='x86_64-unknown-linux-gnu'
host_alias=''
host_cpu='x86_64'
host_os='linux-gnu'
host_vendor='unknown'
htmldir='${docdir}'
includedir='${prefix}/include'
infodir='${datarootdir}/info'
install_sh='${SHELL} /home/naegling/Naegling-MPICH2-Routines/install-sh'
libdir='${exec_prefix}/lib'
libexecdir='${exec_prefix}/libexec'
localedir='${datarootdir}/locale'
localstatedir='${prefix}/var'
mandir='${datarootdir}/man'
mkdir_p='/bin/mkdir -p'
oldincludedir='/usr/include'
pdfdir='${docdir}'
prefix='/usr/sbin'
program_transform_name='s,x,x,'
psdir='${docdir}'
sbindir='${exec_prefix}/sbin'
sharedstatedir='${prefix}/com'
sysconfdir='${prefix}/etc'
target_alias=''

## ----------- ##
## confdefs.h. ##
## ----------- ##

/* confdefs.h */
#define PACKAGE_NAME "naeglin"
#define PACKAGE_TARNAME "naeglin"
#define PACKAGE_VERSION "0.1"
#define PACKAGE_STRING "naeglin 0.1"
#define PACKAGE_BUGREPORT "danielmmy10@gmail.com"
#define PACKAGE_URL ""
#define PACKAGE "naeglin"
#define VERSION "0.1"
#define STDC_HEADERS 1
#define HAVE_SYS_TYPES_H 1
#define HAVE_SYS_STAT_H 1
#define HAVE_STDLIB_H 1
#define HAVE_STRING_H 1
#define HAVE_MEMORY_H 1
#define HAVE_STRINGS_H 1
#define HAVE_INTTYPES_H 1
#define HAVE_STDINT_H 1
#define HAVE_UNISTD_H 1
#define HAVE_DLFCN_H 1
#define LT_OBJDIR ".libs/"
#define HAVE_STDLIB_H 1
#define HAVE_STRING_H 1
#define HAVE_UNISTD_H 1
#define HAVE_STDLIB_H 1
#define HAVE_MALLOC 1
#define HAVE_MKDIR 1

configure: exit 0
